{
  "RSpec": {
    "coverage": {
      "/Users/budros/Projects/MAKERS/week_challenges/bookmark_manager/app.rb": [
        1,
        1,
        1,
        null,
        1,
        null,
        null,
        1,
        1,
        1,
        null,
        null,
        1,
        null
      ],
      "/Users/budros/Projects/MAKERS/week_challenges/bookmark_manager/lib/bookmark.rb": [
        1,
        null,
        1,
        1,
        2,
        2,
        null,
        0,
        null,
        null,
        2,
        8,
        null,
        null
      ],
      "/Users/budros/Projects/MAKERS/week_challenges/bookmark_manager/spec/features/viewing_bookmarks_spec.rb": [
        1,
        1,
        1,
        null,
        null,
        1,
        1,
        1,
        null,
        1,
        1,
        1,
        null,
        null
      ],
      "/Users/budros/Projects/MAKERS/week_challenges/bookmark_manager/spec/units/bookmark_spec.rb": [
        1,
        1,
        1,
        1,
        1,
        null,
        null,
        1,
        1,
        1,
        null,
        1,
        null,
        1,
        1,
        1,
        null,
        null
      ]
    },
    "timestamp": 1553613330
  }
}
